<?xml version="1.0" encoding="UTF-8"?><testrun name="com.stg.codechallenge.test" project="BowlKeeper" tests="8" started="8" failures="0" errors="1" ignored="0">
  <testsuite name="com.stg.codechallenge.test.TestFrame" time="0.028">
    <testcase name="testSpare" classname="com.stg.codechallenge.test.TestFrame" time="0.027"/>
    <testcase name="testPinCount" classname="com.stg.codechallenge.test.TestFrame" time="0.0"/>
    <testcase name="testTenthFrame" classname="com.stg.codechallenge.test.TestFrame" time="0.001"/>
    <testcase name="testStrike" classname="com.stg.codechallenge.test.TestFrame" time="0.0"/>
  </testsuite>
  <testsuite name="com.stg.codechallenge.test.TestGame" time="0.01">
    <testcase name="testTotalScore" classname="com.stg.codechallenge.test.TestGame" time="0.001"/>
    <testcase name="testBonus" classname="com.stg.codechallenge.test.TestGame" time="0.002"/>
    <testcase name="testTooManyFrames" classname="com.stg.codechallenge.test.TestGame" time="0.003">
      <error>java.lang.Exception: Unexpected exception, expected&lt;com.stg.codechallenge.BowlingException&gt; but was&lt;java.lang.Error&gt;&#13;
	at org.junit.internal.runners.statements.ExpectException.evaluate(ExpectException.java:28)&#13;
	at org.junit.runners.ParentRunner.runLeaf(ParentRunner.java:325)&#13;
	at org.junit.runners.BlockJUnit4ClassRunner.runChild(BlockJUnit4ClassRunner.java:78)&#13;
	at org.junit.runners.BlockJUnit4ClassRunner.runChild(BlockJUnit4ClassRunner.java:57)&#13;
	at org.junit.runners.ParentRunner$3.run(ParentRunner.java:290)&#13;
	at org.junit.runners.ParentRunner$1.schedule(ParentRunner.java:71)&#13;
	at org.junit.runners.ParentRunner.runChildren(ParentRunner.java:288)&#13;
	at org.junit.runners.ParentRunner.access$000(ParentRunner.java:58)&#13;
	at org.junit.runners.ParentRunner$2.evaluate(ParentRunner.java:268)&#13;
	at org.junit.runners.ParentRunner.run(ParentRunner.java:363)&#13;
	at org.eclipse.jdt.internal.junit4.runner.JUnit4TestReference.run(JUnit4TestReference.java:86)&#13;
	at org.eclipse.jdt.internal.junit.runner.TestExecution.run(TestExecution.java:38)&#13;
	at org.eclipse.jdt.internal.junit.runner.RemoteTestRunner.runTests(RemoteTestRunner.java:459)&#13;
	at org.eclipse.jdt.internal.junit.runner.RemoteTestRunner.runTests(RemoteTestRunner.java:675)&#13;
	at org.eclipse.jdt.internal.junit.runner.RemoteTestRunner.run(RemoteTestRunner.java:382)&#13;
	at org.eclipse.jdt.internal.junit.runner.RemoteTestRunner.main(RemoteTestRunner.java:192)&#13;
Caused by: java.lang.Error: Unresolved compilation problems: 
	Unhandled exception type BowlingException
	Unhandled exception type BowlingException
	Unhandled exception type BowlingException
	Unhandled exception type BowlingException
	Unhandled exception type BowlingException
	Unhandled exception type BowlingException
	Unhandled exception type BowlingException
	Unhandled exception type BowlingException
	Unhandled exception type BowlingException
	Unhandled exception type BowlingException
	Unhandled exception type BowlingException
	Unhandled exception type BowlingException
	Unhandled exception type BowlingException
&#13;
	at com.stg.codechallenge.test.TestGame.testTooManyFrames(TestGame.java:57)&#13;
	at sun.reflect.NativeMethodAccessorImpl.invoke0(Native Method)&#13;
	at sun.reflect.NativeMethodAccessorImpl.invoke(NativeMethodAccessorImpl.java:62)&#13;
	at sun.reflect.DelegatingMethodAccessorImpl.invoke(DelegatingMethodAccessorImpl.java:43)&#13;
	at java.lang.reflect.Method.invoke(Method.java:483)&#13;
	at org.junit.runners.model.FrameworkMethod$1.runReflectiveCall(FrameworkMethod.java:50)&#13;
	at org.junit.internal.runners.model.ReflectiveCallable.run(ReflectiveCallable.java:12)&#13;
	at org.junit.runners.model.FrameworkMethod.invokeExplosively(FrameworkMethod.java:47)&#13;
	at org.junit.internal.runners.statements.InvokeMethod.evaluate(InvokeMethod.java:17)&#13;
	at org.junit.internal.runners.statements.ExpectException.evaluate(ExpectException.java:19)&#13;
	... 15 more&#13;
&#13;
</error>
    </testcase>
    <testcase name="testPerfectGame" classname="com.stg.codechallenge.test.TestGame" time="0.004"/>
  </testsuite>
</testrun>
